# Log file generated by
#
#   './configure --disable-kmods --disable-docs --disable-hardening --disable-java'
#

***** Checking environment *****
Determined build machine: linux.amd64, target machine: linux.amd64


***** Checking kBuild *****
found


***** Checking gcc *****
found version 13.3.0


***** Checking Open Watcom *****
** Open Watcom was not found, using alternative BIOS sources!

***** Checking iasl *****
found version 20230628


***** Checking yasm *****
found version 1.3.0


***** Checking xslt *****
found


***** Checking pthread *****
compiling the following source file:
#include <cstdio>
#include <pthread.h>
extern "C" int main(void)
{
  pthread_mutex_t mutex;
  if (pthread_mutex_init(&mutex, NULL)) {
    printf("pthread_mutex_init() failed\n");
    return 1;
  }
  if (pthread_mutex_lock(&mutex)) {
    printf("pthread_mutex_lock() failed\n");
    return 1;
  }
  if (pthread_mutex_unlock(&mutex)) {
    printf("pthread_mutex_unlock() failed\n");
    return 1;
  }
  printf("found, OK.\n");
}
using the following command line:
g++  -fPIC -g -O -Wall -o /home/xenoamess/VirtualBox-7.1.6/.tmp_out /home/xenoamess/VirtualBox-7.1.6/.tmp_src.cc -lpthread
executing the binary
found, OK.


***** Checking libxml2 *****
compiling the following source file:
#include <cstdio>
#include <libxml/xmlversion.h>
extern "C" int main(void)
{
  printf("found version %s", LIBXML_DOTTED_VERSION);
#if LIBXML_VERSION >= 20626
  printf(", OK.\n");
  return 0;
#else
  printf(", expected version 2.6.26 or higher\n");
  return 1;
#endif
}
using the following command line:
g++  -fPIC -g -O -Wall -o /home/xenoamess/VirtualBox-7.1.6/.tmp_out /home/xenoamess/VirtualBox-7.1.6/.tmp_src.cc -lxml2  -lpthread -I/usr/include/libxml2
executing the binary
found version 2.9.14, OK.


***** Checking libIDL *****
found version 0.8.14


***** Checking zlib *****
compiling the following source file:
#include <cstdio>
#include <zlib.h>
extern "C" int main(void)
{
  printf("found version %s", ZLIB_VERSION);
#if ZLIB_VERNUM >= 0x1210
  printf(", OK.\n");
  return 0;
#else
  printf(", expected version 1.2.1 or higher\n");
  return 1;
#endif
}
using the following command line:
g++  -fPIC -g -O -Wall -o /home/xenoamess/VirtualBox-7.1.6/.tmp_out /home/xenoamess/VirtualBox-7.1.6/.tmp_src.cc -lz 
executing the binary
found version 1.3, OK.


***** Checking liblzf *****
compiling the following source file:
#include <cstdio>
#include <lzf.h>
extern "C" int main(void)
{
  printf("found LZF API version %u.%u", LZF_VERSION >> 8, LZF_VERSION & 0xff);
#if LZF_VERSION >= 0x0105
  printf(", OK.\n");
  return 0;
#else
  printf(", expected version 1.5 or higher\n");
  return 1;
#endif
}
using the following command line:
g++  -fPIC -g -O -Wall -o /home/xenoamess/VirtualBox-7.1.6/.tmp_out /home/xenoamess/VirtualBox-7.1.6/.tmp_src.cc -llzf -I/usr/include/liblzf
/home/xenoamess/VirtualBox-7.1.6/.tmp_src.cc:2:10: fatal error: lzf.h: No such file or directory
    2 | #include <lzf.h>
      |          ^~~~~~~
compilation terminated.


***** Checking ssl *****
compiling the following source file:
#include <cstdio>
#include <openssl/opensslv.h>
#include <openssl/ssl.h>
extern "C" int main(void)
{
  printf("found version %s", OPENSSL_VERSION_TEXT);
  SSL_library_init();
#if OPENSSL_VERSION_NUMBER >= 0x10001000
  printf(", OK.\n");
  return 0;
#else
  printf(", expected version 1.0.1 or higher\n");
  return 1;
#endif
}
using the following command line:
g++  -fPIC -g -O -Wall -o /home/xenoamess/VirtualBox-7.1.6/.tmp_out /home/xenoamess/VirtualBox-7.1.6/.tmp_src.cc  -lssl -lcrypto
executing the binary
found version OpenSSL 3.0.13 30 Jan 2024, OK.


***** Checking libcurl *****
compiling the following source file:
#include <cstdio>
#include <curl/curl.h>
extern "C" int main(void)
{
  printf("found version %s", LIBCURL_VERSION);
#if 10000*LIBCURL_VERSION_MAJOR + 100*LIBCURL_VERSION_MINOR + LIBCURL_VERSION_PATCH >= 71901
  printf(", OK.\n");
  return 0;
#else
  printf(", expected version 7.19.1 or higher\n");
  return 1;
#endif
}
using the following command line:
g++  -fPIC -g -O -Wall -o /home/xenoamess/VirtualBox-7.1.6/.tmp_out /home/xenoamess/VirtualBox-7.1.6/.tmp_src.cc -lcurl 
executing the binary
found version 8.11.0, OK.


***** Checking libvpx *****
compiling the following source file:
#include <cstdio>
#include <vpx/vpx_codec.h>
extern "C" int main(void)
{
  int version = vpx_codec_version();
  int verMajor = VPX_VERSION_MAJOR(version);
  int verMinor = VPX_VERSION_MINOR(version);
  int verPatch = VPX_VERSION_PATCH(version);
  printf("found version %d.%d.%d", verMajor, verMinor, verPatch);
  if (   verMajor == 1 && verMinor >= 0
      || verMajor == 0 && verMinor == 9 && verPatch >= 5)
  {
      printf(", OK.\n");
      return 0;
  }
  else
  {
      printf(", expected version 0.9.5 or higher\n");
      return 1;
   }
}
using the following command line:
g++  -fPIC -g -O -Wall -o /home/xenoamess/VirtualBox-7.1.6/.tmp_out /home/xenoamess/VirtualBox-7.1.6/.tmp_src.cc -lvpx -lm  
/home/xenoamess/VirtualBox-7.1.6/.tmp_src.cc: In function 'int main()':
/home/xenoamess/VirtualBox-7.1.6/.tmp_src.cc:10:24: warning: suggest parentheses around '&&' within '||' [-Wparentheses]
   10 |   if (   verMajor == 1 && verMinor >= 0
      |          ~~~~~~~~~~~~~~^~~~~~~~~~~~~~~~
executing the binary
found version 1.14.0, OK.


***** Checking libtpms *****
compiling the following source file:
#include <cstdio>
#include <libtpms/tpm_library.h>
extern "C" int main(void)
{
  TPMLIB_MainInit();
  printf("found, OK.\n");
}
using the following command line:
g++  -fPIC -g -O -Wall -o /home/xenoamess/VirtualBox-7.1.6/.tmp_out /home/xenoamess/VirtualBox-7.1.6/.tmp_src.cc -ltpms  
executing the binary
found, OK.


***** Checking liblzma *****
Package liblzma was not found in the pkg-config search path.
Perhaps you should add the directory containing `liblzma.pc'
to the PKG_CONFIG_PATH environment variable
Package 'liblzma', required by 'virtual:world', not found
compiling the following source file:
#include <cstdio>
#include <lzma.h>
extern "C" int main(void)
{
  lzma_stream strm = LZMA_STREAM_INIT;
  uint32_t preset;
  lzma_ret ret = lzma_easy_encoder(&strm, preset, LZMA_CHECK_CRC64);
  printf("found, OK.\n");
}
using the following command line:
g++  -fPIC -g -O -Wall -o /home/xenoamess/VirtualBox-7.1.6/.tmp_out /home/xenoamess/VirtualBox-7.1.6/.tmp_src.cc  
/home/xenoamess/VirtualBox-7.1.6/.tmp_src.cc:2:10: fatal error: lzma.h: No such file or directory
    2 | #include <lzma.h>
      |          ^~~~~~~~
compilation terminated.


***** Checking libpng *****
compiling the following source file:
#include <cstdio>
#include <png.h>
extern "C" int main(void)
{
  printf("found version %s", PNG_LIBPNG_VER_STRING);
#if PNG_LIBPNG_VER >= 10205
  printf(", OK.\n");
  return 0;
#else
  printf(", expected version 1.2.5 or higher\n");
  return 1;
#endif
}
using the following command line:
g++  -fPIC -g -O -Wall -o /home/xenoamess/VirtualBox-7.1.6/.tmp_out /home/xenoamess/VirtualBox-7.1.6/.tmp_src.cc -lpng 
executing the binary
found version 1.6.43, OK.


***** Checking SDL *****
compiling the following source file:
#include <cstdio>
#include <SDL.h>
#include <SDL_main.h>
#undef main
extern "C" int main(int argc, char** argv)
{
  printf("found version %d.%d.%d",
         SDL_MAJOR_VERSION, SDL_MINOR_VERSION, SDL_PATCHLEVEL);
#if SDL_VERSION_ATLEAST(1,2,7)
  printf(", OK.\n");
  return 0;
#else
  printf(", expected version 1.2.7 or higher\n");
  return 1;
#endif
}
using the following command line:
g++  -fPIC -g -O -Wall -o /home/xenoamess/VirtualBox-7.1.6/.tmp_out /home/xenoamess/VirtualBox-7.1.6/.tmp_src.cc -lSDL  -I/usr/include/SDL 
executing the binary
found version 1.2.68, OK.


***** Checking X libraries *****
compiling the following source file:
#include <cstdio>
#include <X11/Xlib.h>
extern "C" int main(void)
{
  Display *dpy;
  int scrn_num;
  Screen *scrn;
  Window win;

  dpy      = XOpenDisplay(NULL);
  scrn_num = DefaultScreen(dpy);
  scrn     = ScreenOfDisplay(dpy, scrn_num);
  win      = XCreateWindow(dpy, RootWindowOfScreen(scrn), 0, 0, 100, 100,
                           0, 16, InputOutput, CopyFromParent, 0, NULL);
  XDestroyWindow(dpy, win);
  XCloseDisplay(dpy);
}
using the following command line:
g++  -fPIC -g -O -Wall -o /home/xenoamess/VirtualBox-7.1.6/.tmp_out /home/xenoamess/VirtualBox-7.1.6/.tmp_src.cc -L/usr/X11R6/lib -L/usr/X11R6/lib64 -L/usr/local/lib -lXext -lX11 -I/usr/local/include
found


***** Checking Xcursor *****
compiling the following source file:
#include <cstdio>
#include <X11/Xlib.h>
#include <X11/Xcursor/Xcursor.h>
extern "C" int main(void)
{
  XcursorImage *cursor = XcursorImageCreate (10, 10);
  XcursorImageDestroy(cursor);
  return 0;
}
using the following command line:
g++  -fPIC -g -O -Wall -o /home/xenoamess/VirtualBox-7.1.6/.tmp_out /home/xenoamess/VirtualBox-7.1.6/.tmp_src.cc -L/usr/X11R6/lib -L/usr/X11R6/lib64 -L/usr/local/lib -lXext -lX11 -lXcursor -I/usr/local/include
found


***** Checking Xinerama *****
compiling the following source file:
#include <X11/Xlib.h>
#include <X11/extensions/Xinerama.h>
extern "C" int main(void)
{
  Display *dpy;
  Bool flag;
  dpy = XOpenDisplay(NULL);
  if (dpy)
  {
    flag = XineramaIsActive(dpy);
    XCloseDisplay(dpy);
  }
}
using the following command line:
g++  -fPIC -g -O -Wall -o /home/xenoamess/VirtualBox-7.1.6/.tmp_out /home/xenoamess/VirtualBox-7.1.6/.tmp_src.cc -L/usr/X11R6/lib -L/usr/X11R6/lib64 -L/usr/local/lib -lXext -lX11 -lXinerama -I/usr/local/include
/home/xenoamess/VirtualBox-7.1.6/.tmp_src.cc: In function 'int main()':
/home/xenoamess/VirtualBox-7.1.6/.tmp_src.cc:6:8: warning: variable 'flag' set but not used [-Wunused-but-set-variable]
    6 |   Bool flag;
      |        ^~~~
found


***** Checking Xrandr *****
compiling the following source file:
#include <X11/Xlib.h>
#include <X11/extensions/Xrandr.h>
extern "C" int main(void)
{
  Display *dpy;
  Bool flag;
  int major, minor;
  dpy = XOpenDisplay(NULL);
  if (dpy)
  {
    flag = XRRQueryVersion(dpy, &major, &minor);
    XCloseDisplay(dpy);
  }
}
using the following command line:
g++  -fPIC -g -O -Wall -o /home/xenoamess/VirtualBox-7.1.6/.tmp_out /home/xenoamess/VirtualBox-7.1.6/.tmp_src.cc -L/usr/X11R6/lib -L/usr/X11R6/lib64 -L/usr/local/lib -lXext -lX11 -lXrandr -I/usr/local/include
/home/xenoamess/VirtualBox-7.1.6/.tmp_src.cc: In function 'int main()':
/home/xenoamess/VirtualBox-7.1.6/.tmp_src.cc:6:8: warning: variable 'flag' set but not used [-Wunused-but-set-variable]
    6 |   Bool flag;
      |        ^~~~
found


***** Checking Xmu *****
compiling the following source file:
#include <cstdio>
#include <X11/Xatom.h>
#include <X11/Xlib.h>
#include <X11/Xutil.h>
#include <X11/Xmu/StdCmap.h>
extern "C" int main(void)
{
  Display *dpy;
  int scrn_num;
  Screen *scrn;

  dpy = XOpenDisplay(NULL);
  if (dpy)
  {
    scrn_num = DefaultScreen(dpy);
    scrn     = ScreenOfDisplay(dpy, scrn_num);
    Status status = XmuLookupStandardColormap(dpy, RootWindowOfScreen(scrn), 0,
                    24, XA_RGB_DEFAULT_MAP, False, True);
    printf("Status = %x\n", status);
    XCloseDisplay(dpy);
  }
  return 0;
}
using the following command line:
g++  -fPIC -g -O -Wall -o /home/xenoamess/VirtualBox-7.1.6/.tmp_out /home/xenoamess/VirtualBox-7.1.6/.tmp_src.cc -L/usr/X11R6/lib -L/usr/X11R6/lib64 -L/usr/local/lib -lXext -lX11 -lXmu -I/usr/local/include
found


***** Checking Mesa / GLU *****
compiling the following source file:
#include <cstdio>
#include <X11/Xlib.h>
#include <GL/glx.h>
#include <GL/glu.h>
extern "C" int main(void)
{
  Display *dpy;
  int major, minor;

  dpy = XOpenDisplay(NULL);
  if (dpy)
  {
    Bool glx_version = glXQueryVersion(dpy, &major, &minor);
    XCloseDisplay(dpy);
    if (glx_version)
    {
      printf("found version %u.%u, OK.\n", major, minor);
      return 0;
    }
  }
  printf("found (inactive), OK.\n");
  return 0;
}
using the following command line:
g++  -fPIC -g -O -Wall -o /home/xenoamess/VirtualBox-7.1.6/.tmp_out /home/xenoamess/VirtualBox-7.1.6/.tmp_src.cc -L/usr/X11R6/lib -L/usr/X11R6/lib64 -L/usr/local/lib -lXext -lX11 -lGL -I/usr/local/include
executing the binary
found version 1.4, OK.


***** Checking Qt6 *****
(Qt6 from pkg-config)
compiling the following source file:
#include <QtGlobal>
extern "C" int main(void)
{
#if QT_VERSION >= 393984
  return 0;
#else
  return 1;
#endif
}
using the following command line:
g++  -fPIC -g -O -Wall -o /home/xenoamess/VirtualBox-7.1.6/.tmp_out /home/xenoamess/VirtualBox-7.1.6/.tmp_src.cc -L/usr/lib/x86_64-linux-gnu -lQt6Gui -lQt6Core  -lpthread -I/usr/include/x86_64-linux-gnu/qt6/QtCore -I/usr/include/x86_64-linux-gnu/qt6 -DQT_CORE_LIB -I/usr/lib/x86_64-linux-gnu/qt6/mkspecs/linux-g++  -std=c++17
-L/usr/lib/x86_64-linux-gnu -lQt6Gui -lQt6Core
executing the binary (LD_LIBRARY_PATH=/usr/lib/x86_64-linux-gnu:)


compiling the following source file:
#include <cstdio>
#include <QtGlobal>
extern "C" int main(void)
{
  printf("found version %s", QT_VERSION_STR);
#if QT_VERSION >= 393984
  printf(", OK.\n");
  return 0;
#else
  printf(", expected version 6.3 or higher\n");
  return 1;
#endif
}
using the following command line:
g++  -fPIC -g -O -Wall -o /home/xenoamess/VirtualBox-7.1.6/.tmp_out /home/xenoamess/VirtualBox-7.1.6/.tmp_src.cc -L/usr/lib/x86_64-linux-gnu -lQt6Gui -lQt6Core  -lpthread -I/usr/include/x86_64-linux-gnu/qt6/QtCore -I/usr/include/x86_64-linux-gnu/qt6 -I/usr/lib/x86_64-linux-gnu/qt6/mkspecs/linux-g++ -I/usr/include/x86_64-linux-gnu/qt6/QtCore -I/usr/include/x86_64-linux-gnu/qt6 -DQT_CORE_LIB -I/usr/lib/x86_64-linux-gnu/qt6/mkspecs/linux-g++  -std=c++17
-L/usr/lib/x86_64-linux-gnu -lQt6Gui -lQt6Core
executing the binary (LD_LIBRARY_PATH=/usr/lib/x86_64-linux-gnu:)
found version 6.4.2, OK.


***** Checking Qt6 devtools *****
found version moc 6.4.2


***** Checking Python support *****
compiling the following source file:
#include <cstdio>
#include <Python.h>
extern "C" int main(void)
{
  Py_Initialize();
  printf("found version %s", PY_VERSION);
#if PY_VERSION_HEX >= 0x02060000
  printf(", OK.\n");
  return 0;
#else
  printf(", expected version 2.6 or higher\n");
  return 1;
#endif
}
using the following command line:
g++ -O -Wall -o /home/xenoamess/VirtualBox-7.1.6/.tmp_out /home/xenoamess/VirtualBox-7.1.6/.tmp_src.cc -I/usr/include/python2.7 /usr/lib/x86_64-linux-gnu/libpython2.7.so
/home/xenoamess/VirtualBox-7.1.6/.tmp_src.cc:2:10: fatal error: Python.h: No such file or directory
    2 | #include <Python.h>
      |          ^~~~~~~~~~
compilation terminated.
compiling the following source file:
#include <cstdio>
#include <Python.h>
extern "C" int main(void)
{
  Py_Initialize();
  printf("found version %s", PY_VERSION);
#if PY_VERSION_HEX >= 0x02060000
  printf(", OK.\n");
  return 0;
#else
  printf(", expected version 2.6 or higher\n");
  return 1;
#endif
}
using the following command line:
g++ -O -Wall -o /home/xenoamess/VirtualBox-7.1.6/.tmp_out /home/xenoamess/VirtualBox-7.1.6/.tmp_src.cc -I/usr/include/python2.7 /usr/lib/i386-linux-gnu/libpython2.7.so
/home/xenoamess/VirtualBox-7.1.6/.tmp_src.cc:2:10: fatal error: Python.h: No such file or directory
    2 | #include <Python.h>
      |          ^~~~~~~~~~
compilation terminated.
compiling the following source file:
#include <cstdio>
#include <Python.h>
extern "C" int main(void)
{
  Py_Initialize();
  printf("found version %s", PY_VERSION);
#if PY_VERSION_HEX >= 0x02060000
  printf(", OK.\n");
  return 0;
#else
  printf(", expected version 2.6 or higher\n");
  return 1;
#endif
}
using the following command line:
g++ -O -Wall -o /home/xenoamess/VirtualBox-7.1.6/.tmp_out /home/xenoamess/VirtualBox-7.1.6/.tmp_src.cc -I/usr/include/python2.7 /usr/lib64/libpython2.7.so
/home/xenoamess/VirtualBox-7.1.6/.tmp_src.cc:2:10: fatal error: Python.h: No such file or directory
    2 | #include <Python.h>
      |          ^~~~~~~~~~
compilation terminated.
compiling the following source file:
#include <cstdio>
#include <Python.h>
extern "C" int main(void)
{
  Py_Initialize();
  printf("found version %s", PY_VERSION);
#if PY_VERSION_HEX >= 0x02060000
  printf(", OK.\n");
  return 0;
#else
  printf(", expected version 2.6 or higher\n");
  return 1;
#endif
}
using the following command line:
g++ -O -Wall -o /home/xenoamess/VirtualBox-7.1.6/.tmp_out /home/xenoamess/VirtualBox-7.1.6/.tmp_src.cc -I/usr/include/python2.7 /usr/lib/64/libpython2.7.so
/home/xenoamess/VirtualBox-7.1.6/.tmp_src.cc:2:10: fatal error: Python.h: No such file or directory
    2 | #include <Python.h>
      |          ^~~~~~~~~~
compilation terminated.
compiling the following source file:
#include <cstdio>
#include <Python.h>
extern "C" int main(void)
{
  Py_Initialize();
  printf("found version %s", PY_VERSION);
#if PY_VERSION_HEX >= 0x02060000
  printf(", OK.\n");
  return 0;
#else
  printf(", expected version 2.6 or higher\n");
  return 1;
#endif
}
using the following command line:
g++ -O -Wall -o /home/xenoamess/VirtualBox-7.1.6/.tmp_out /home/xenoamess/VirtualBox-7.1.6/.tmp_src.cc -I/usr/include/python2.7 /usr/lib/libpython2.7.so
/home/xenoamess/VirtualBox-7.1.6/.tmp_src.cc:2:10: fatal error: Python.h: No such file or directory
    2 | #include <Python.h>
      |          ^~~~~~~~~~
compilation terminated.
compiling the following source file:
#include <cstdio>
#include <Python.h>
extern "C" int main(void)
{
  Py_Initialize();
  printf("found version %s", PY_VERSION);
#if PY_VERSION_HEX >= 0x02060000
  printf(", OK.\n");
  return 0;
#else
  printf(", expected version 2.6 or higher\n");
  return 1;
#endif
}
using the following command line:
g++ -O -Wall -o /home/xenoamess/VirtualBox-7.1.6/.tmp_out /home/xenoamess/VirtualBox-7.1.6/.tmp_src.cc -I/usr/include/python2.6 /usr/lib/x86_64-linux-gnu/libpython2.6.so
/home/xenoamess/VirtualBox-7.1.6/.tmp_src.cc:2:10: fatal error: Python.h: No such file or directory
    2 | #include <Python.h>
      |          ^~~~~~~~~~
compilation terminated.
compiling the following source file:
#include <cstdio>
#include <Python.h>
extern "C" int main(void)
{
  Py_Initialize();
  printf("found version %s", PY_VERSION);
#if PY_VERSION_HEX >= 0x02060000
  printf(", OK.\n");
  return 0;
#else
  printf(", expected version 2.6 or higher\n");
  return 1;
#endif
}
using the following command line:
g++ -O -Wall -o /home/xenoamess/VirtualBox-7.1.6/.tmp_out /home/xenoamess/VirtualBox-7.1.6/.tmp_src.cc -I/usr/include/python2.6 /usr/lib/i386-linux-gnu/libpython2.6.so
/home/xenoamess/VirtualBox-7.1.6/.tmp_src.cc:2:10: fatal error: Python.h: No such file or directory
    2 | #include <Python.h>
      |          ^~~~~~~~~~
compilation terminated.
compiling the following source file:
#include <cstdio>
#include <Python.h>
extern "C" int main(void)
{
  Py_Initialize();
  printf("found version %s", PY_VERSION);
#if PY_VERSION_HEX >= 0x02060000
  printf(", OK.\n");
  return 0;
#else
  printf(", expected version 2.6 or higher\n");
  return 1;
#endif
}
using the following command line:
g++ -O -Wall -o /home/xenoamess/VirtualBox-7.1.6/.tmp_out /home/xenoamess/VirtualBox-7.1.6/.tmp_src.cc -I/usr/include/python2.6 /usr/lib64/libpython2.6.so
/home/xenoamess/VirtualBox-7.1.6/.tmp_src.cc:2:10: fatal error: Python.h: No such file or directory
    2 | #include <Python.h>
      |          ^~~~~~~~~~
compilation terminated.
compiling the following source file:
#include <cstdio>
#include <Python.h>
extern "C" int main(void)
{
  Py_Initialize();
  printf("found version %s", PY_VERSION);
#if PY_VERSION_HEX >= 0x02060000
  printf(", OK.\n");
  return 0;
#else
  printf(", expected version 2.6 or higher\n");
  return 1;
#endif
}
using the following command line:
g++ -O -Wall -o /home/xenoamess/VirtualBox-7.1.6/.tmp_out /home/xenoamess/VirtualBox-7.1.6/.tmp_src.cc -I/usr/include/python2.6 /usr/lib/64/libpython2.6.so
/home/xenoamess/VirtualBox-7.1.6/.tmp_src.cc:2:10: fatal error: Python.h: No such file or directory
    2 | #include <Python.h>
      |          ^~~~~~~~~~
compilation terminated.
compiling the following source file:
#include <cstdio>
#include <Python.h>
extern "C" int main(void)
{
  Py_Initialize();
  printf("found version %s", PY_VERSION);
#if PY_VERSION_HEX >= 0x02060000
  printf(", OK.\n");
  return 0;
#else
  printf(", expected version 2.6 or higher\n");
  return 1;
#endif
}
using the following command line:
g++ -O -Wall -o /home/xenoamess/VirtualBox-7.1.6/.tmp_out /home/xenoamess/VirtualBox-7.1.6/.tmp_src.cc -I/usr/include/python2.6 /usr/lib/libpython2.6.so
/home/xenoamess/VirtualBox-7.1.6/.tmp_src.cc:2:10: fatal error: Python.h: No such file or directory
    2 | #include <Python.h>
      |          ^~~~~~~~~~
compilation terminated.
compiling the following source file:
#include <cstdio>
#include <Python.h>
extern "C" int main(void)
{
  Py_Initialize();
  printf("found version %s", PY_VERSION);
#if PY_VERSION_HEX >= 0x02060000
  printf(", OK.\n");
  return 0;
#else
  printf(", expected version 2.6 or higher\n");
  return 1;
#endif
}
using the following command line:
g++ -O -Wall -o /home/xenoamess/VirtualBox-7.1.6/.tmp_out /home/xenoamess/VirtualBox-7.1.6/.tmp_src.cc -I/usr/include/python3.1 /usr/lib/x86_64-linux-gnu/libpython3.1.so
/home/xenoamess/VirtualBox-7.1.6/.tmp_src.cc:2:10: fatal error: Python.h: No such file or directory
    2 | #include <Python.h>
      |          ^~~~~~~~~~
compilation terminated.
compiling the following source file:
#include <cstdio>
#include <Python.h>
extern "C" int main(void)
{
  Py_Initialize();
  printf("found version %s", PY_VERSION);
#if PY_VERSION_HEX >= 0x02060000
  printf(", OK.\n");
  return 0;
#else
  printf(", expected version 2.6 or higher\n");
  return 1;
#endif
}
using the following command line:
g++ -O -Wall -o /home/xenoamess/VirtualBox-7.1.6/.tmp_out /home/xenoamess/VirtualBox-7.1.6/.tmp_src.cc -I/usr/include/python3.1 /usr/lib/i386-linux-gnu/libpython3.1.so
/home/xenoamess/VirtualBox-7.1.6/.tmp_src.cc:2:10: fatal error: Python.h: No such file or directory
    2 | #include <Python.h>
      |          ^~~~~~~~~~
compilation terminated.
compiling the following source file:
#include <cstdio>
#include <Python.h>
extern "C" int main(void)
{
  Py_Initialize();
  printf("found version %s", PY_VERSION);
#if PY_VERSION_HEX >= 0x02060000
  printf(", OK.\n");
  return 0;
#else
  printf(", expected version 2.6 or higher\n");
  return 1;
#endif
}
using the following command line:
g++ -O -Wall -o /home/xenoamess/VirtualBox-7.1.6/.tmp_out /home/xenoamess/VirtualBox-7.1.6/.tmp_src.cc -I/usr/include/python3.1 /usr/lib64/libpython3.1.so
/home/xenoamess/VirtualBox-7.1.6/.tmp_src.cc:2:10: fatal error: Python.h: No such file or directory
    2 | #include <Python.h>
      |          ^~~~~~~~~~
compilation terminated.
compiling the following source file:
#include <cstdio>
#include <Python.h>
extern "C" int main(void)
{
  Py_Initialize();
  printf("found version %s", PY_VERSION);
#if PY_VERSION_HEX >= 0x02060000
  printf(", OK.\n");
  return 0;
#else
  printf(", expected version 2.6 or higher\n");
  return 1;
#endif
}
using the following command line:
g++ -O -Wall -o /home/xenoamess/VirtualBox-7.1.6/.tmp_out /home/xenoamess/VirtualBox-7.1.6/.tmp_src.cc -I/usr/include/python3.1 /usr/lib/64/libpython3.1.so
/home/xenoamess/VirtualBox-7.1.6/.tmp_src.cc:2:10: fatal error: Python.h: No such file or directory
    2 | #include <Python.h>
      |          ^~~~~~~~~~
compilation terminated.
compiling the following source file:
#include <cstdio>
#include <Python.h>
extern "C" int main(void)
{
  Py_Initialize();
  printf("found version %s", PY_VERSION);
#if PY_VERSION_HEX >= 0x02060000
  printf(", OK.\n");
  return 0;
#else
  printf(", expected version 2.6 or higher\n");
  return 1;
#endif
}
using the following command line:
g++ -O -Wall -o /home/xenoamess/VirtualBox-7.1.6/.tmp_out /home/xenoamess/VirtualBox-7.1.6/.tmp_src.cc -I/usr/include/python3.1 /usr/lib/libpython3.1.so
/home/xenoamess/VirtualBox-7.1.6/.tmp_src.cc:2:10: fatal error: Python.h: No such file or directory
    2 | #include <Python.h>
      |          ^~~~~~~~~~
compilation terminated.
compiling the following source file:
#include <cstdio>
#include <Python.h>
extern "C" int main(void)
{
  Py_Initialize();
  printf("found version %s", PY_VERSION);
#if PY_VERSION_HEX >= 0x02060000
  printf(", OK.\n");
  return 0;
#else
  printf(", expected version 2.6 or higher\n");
  return 1;
#endif
}
using the following command line:
g++ -O -Wall -o /home/xenoamess/VirtualBox-7.1.6/.tmp_out /home/xenoamess/VirtualBox-7.1.6/.tmp_src.cc -I/usr/include/python3.2 /usr/lib/x86_64-linux-gnu/libpython3.2.so
/home/xenoamess/VirtualBox-7.1.6/.tmp_src.cc:2:10: fatal error: Python.h: No such file or directory
    2 | #include <Python.h>
      |          ^~~~~~~~~~
compilation terminated.
compiling the following source file:
#include <cstdio>
#include <Python.h>
extern "C" int main(void)
{
  Py_Initialize();
  printf("found version %s", PY_VERSION);
#if PY_VERSION_HEX >= 0x02060000
  printf(", OK.\n");
  return 0;
#else
  printf(", expected version 2.6 or higher\n");
  return 1;
#endif
}
using the following command line:
g++ -O -Wall -o /home/xenoamess/VirtualBox-7.1.6/.tmp_out /home/xenoamess/VirtualBox-7.1.6/.tmp_src.cc -I/usr/include/python3.2 /usr/lib/i386-linux-gnu/libpython3.2.so
/home/xenoamess/VirtualBox-7.1.6/.tmp_src.cc:2:10: fatal error: Python.h: No such file or directory
    2 | #include <Python.h>
      |          ^~~~~~~~~~
compilation terminated.
compiling the following source file:
#include <cstdio>
#include <Python.h>
extern "C" int main(void)
{
  Py_Initialize();
  printf("found version %s", PY_VERSION);
#if PY_VERSION_HEX >= 0x02060000
  printf(", OK.\n");
  return 0;
#else
  printf(", expected version 2.6 or higher\n");
  return 1;
#endif
}
using the following command line:
g++ -O -Wall -o /home/xenoamess/VirtualBox-7.1.6/.tmp_out /home/xenoamess/VirtualBox-7.1.6/.tmp_src.cc -I/usr/include/python3.2 /usr/lib64/libpython3.2.so
/home/xenoamess/VirtualBox-7.1.6/.tmp_src.cc:2:10: fatal error: Python.h: No such file or directory
    2 | #include <Python.h>
      |          ^~~~~~~~~~
compilation terminated.
compiling the following source file:
#include <cstdio>
#include <Python.h>
extern "C" int main(void)
{
  Py_Initialize();
  printf("found version %s", PY_VERSION);
#if PY_VERSION_HEX >= 0x02060000
  printf(", OK.\n");
  return 0;
#else
  printf(", expected version 2.6 or higher\n");
  return 1;
#endif
}
using the following command line:
g++ -O -Wall -o /home/xenoamess/VirtualBox-7.1.6/.tmp_out /home/xenoamess/VirtualBox-7.1.6/.tmp_src.cc -I/usr/include/python3.2 /usr/lib/64/libpython3.2.so
/home/xenoamess/VirtualBox-7.1.6/.tmp_src.cc:2:10: fatal error: Python.h: No such file or directory
    2 | #include <Python.h>
      |          ^~~~~~~~~~
compilation terminated.
compiling the following source file:
#include <cstdio>
#include <Python.h>
extern "C" int main(void)
{
  Py_Initialize();
  printf("found version %s", PY_VERSION);
#if PY_VERSION_HEX >= 0x02060000
  printf(", OK.\n");
  return 0;
#else
  printf(", expected version 2.6 or higher\n");
  return 1;
#endif
}
using the following command line:
g++ -O -Wall -o /home/xenoamess/VirtualBox-7.1.6/.tmp_out /home/xenoamess/VirtualBox-7.1.6/.tmp_src.cc -I/usr/include/python3.2 /usr/lib/libpython3.2.so
/home/xenoamess/VirtualBox-7.1.6/.tmp_src.cc:2:10: fatal error: Python.h: No such file or directory
    2 | #include <Python.h>
      |          ^~~~~~~~~~
compilation terminated.
compiling the following source file:
#include <cstdio>
#include <Python.h>
extern "C" int main(void)
{
  Py_Initialize();
  printf("found version %s", PY_VERSION);
#if PY_VERSION_HEX >= 0x02060000
  printf(", OK.\n");
  return 0;
#else
  printf(", expected version 2.6 or higher\n");
  return 1;
#endif
}
using the following command line:
g++ -O -Wall -o /home/xenoamess/VirtualBox-7.1.6/.tmp_out /home/xenoamess/VirtualBox-7.1.6/.tmp_src.cc -I/usr/include/python3.3 /usr/lib/x86_64-linux-gnu/libpython3.3.so
/home/xenoamess/VirtualBox-7.1.6/.tmp_src.cc:2:10: fatal error: Python.h: No such file or directory
    2 | #include <Python.h>
      |          ^~~~~~~~~~
compilation terminated.
compiling the following source file:
#include <cstdio>
#include <Python.h>
extern "C" int main(void)
{
  Py_Initialize();
  printf("found version %s", PY_VERSION);
#if PY_VERSION_HEX >= 0x02060000
  printf(", OK.\n");
  return 0;
#else
  printf(", expected version 2.6 or higher\n");
  return 1;
#endif
}
using the following command line:
g++ -O -Wall -o /home/xenoamess/VirtualBox-7.1.6/.tmp_out /home/xenoamess/VirtualBox-7.1.6/.tmp_src.cc -I/usr/include/python3.3 /usr/lib/i386-linux-gnu/libpython3.3.so
/home/xenoamess/VirtualBox-7.1.6/.tmp_src.cc:2:10: fatal error: Python.h: No such file or directory
    2 | #include <Python.h>
      |          ^~~~~~~~~~
compilation terminated.
compiling the following source file:
#include <cstdio>
#include <Python.h>
extern "C" int main(void)
{
  Py_Initialize();
  printf("found version %s", PY_VERSION);
#if PY_VERSION_HEX >= 0x02060000
  printf(", OK.\n");
  return 0;
#else
  printf(", expected version 2.6 or higher\n");
  return 1;
#endif
}
using the following command line:
g++ -O -Wall -o /home/xenoamess/VirtualBox-7.1.6/.tmp_out /home/xenoamess/VirtualBox-7.1.6/.tmp_src.cc -I/usr/include/python3.3 /usr/lib64/libpython3.3.so
/home/xenoamess/VirtualBox-7.1.6/.tmp_src.cc:2:10: fatal error: Python.h: No such file or directory
    2 | #include <Python.h>
      |          ^~~~~~~~~~
compilation terminated.
compiling the following source file:
#include <cstdio>
#include <Python.h>
extern "C" int main(void)
{
  Py_Initialize();
  printf("found version %s", PY_VERSION);
#if PY_VERSION_HEX >= 0x02060000
  printf(", OK.\n");
  return 0;
#else
  printf(", expected version 2.6 or higher\n");
  return 1;
#endif
}
using the following command line:
g++ -O -Wall -o /home/xenoamess/VirtualBox-7.1.6/.tmp_out /home/xenoamess/VirtualBox-7.1.6/.tmp_src.cc -I/usr/include/python3.3 /usr/lib/64/libpython3.3.so
/home/xenoamess/VirtualBox-7.1.6/.tmp_src.cc:2:10: fatal error: Python.h: No such file or directory
    2 | #include <Python.h>
      |          ^~~~~~~~~~
compilation terminated.
compiling the following source file:
#include <cstdio>
#include <Python.h>
extern "C" int main(void)
{
  Py_Initialize();
  printf("found version %s", PY_VERSION);
#if PY_VERSION_HEX >= 0x02060000
  printf(", OK.\n");
  return 0;
#else
  printf(", expected version 2.6 or higher\n");
  return 1;
#endif
}
using the following command line:
g++ -O -Wall -o /home/xenoamess/VirtualBox-7.1.6/.tmp_out /home/xenoamess/VirtualBox-7.1.6/.tmp_src.cc -I/usr/include/python3.3 /usr/lib/libpython3.3.so
/home/xenoamess/VirtualBox-7.1.6/.tmp_src.cc:2:10: fatal error: Python.h: No such file or directory
    2 | #include <Python.h>
      |          ^~~~~~~~~~
compilation terminated.
compiling the following source file:
#include <cstdio>
#include <Python.h>
extern "C" int main(void)
{
  Py_Initialize();
  printf("found version %s", PY_VERSION);
#if PY_VERSION_HEX >= 0x02060000
  printf(", OK.\n");
  return 0;
#else
  printf(", expected version 2.6 or higher\n");
  return 1;
#endif
}
using the following command line:
g++ -O -Wall -o /home/xenoamess/VirtualBox-7.1.6/.tmp_out /home/xenoamess/VirtualBox-7.1.6/.tmp_src.cc -I/usr/include/python3.4 /usr/lib/x86_64-linux-gnu/libpython3.4.so
/home/xenoamess/VirtualBox-7.1.6/.tmp_src.cc:2:10: fatal error: Python.h: No such file or directory
    2 | #include <Python.h>
      |          ^~~~~~~~~~
compilation terminated.
compiling the following source file:
#include <cstdio>
#include <Python.h>
extern "C" int main(void)
{
  Py_Initialize();
  printf("found version %s", PY_VERSION);
#if PY_VERSION_HEX >= 0x02060000
  printf(", OK.\n");
  return 0;
#else
  printf(", expected version 2.6 or higher\n");
  return 1;
#endif
}
using the following command line:
g++ -O -Wall -o /home/xenoamess/VirtualBox-7.1.6/.tmp_out /home/xenoamess/VirtualBox-7.1.6/.tmp_src.cc -I/usr/include/python3.4 /usr/lib/i386-linux-gnu/libpython3.4.so
/home/xenoamess/VirtualBox-7.1.6/.tmp_src.cc:2:10: fatal error: Python.h: No such file or directory
    2 | #include <Python.h>
      |          ^~~~~~~~~~
compilation terminated.
compiling the following source file:
#include <cstdio>
#include <Python.h>
extern "C" int main(void)
{
  Py_Initialize();
  printf("found version %s", PY_VERSION);
#if PY_VERSION_HEX >= 0x02060000
  printf(", OK.\n");
  return 0;
#else
  printf(", expected version 2.6 or higher\n");
  return 1;
#endif
}
using the following command line:
g++ -O -Wall -o /home/xenoamess/VirtualBox-7.1.6/.tmp_out /home/xenoamess/VirtualBox-7.1.6/.tmp_src.cc -I/usr/include/python3.4 /usr/lib64/libpython3.4.so
/home/xenoamess/VirtualBox-7.1.6/.tmp_src.cc:2:10: fatal error: Python.h: No such file or directory
    2 | #include <Python.h>
      |          ^~~~~~~~~~
compilation terminated.
compiling the following source file:
#include <cstdio>
#include <Python.h>
extern "C" int main(void)
{
  Py_Initialize();
  printf("found version %s", PY_VERSION);
#if PY_VERSION_HEX >= 0x02060000
  printf(", OK.\n");
  return 0;
#else
  printf(", expected version 2.6 or higher\n");
  return 1;
#endif
}
using the following command line:
g++ -O -Wall -o /home/xenoamess/VirtualBox-7.1.6/.tmp_out /home/xenoamess/VirtualBox-7.1.6/.tmp_src.cc -I/usr/include/python3.4 /usr/lib/64/libpython3.4.so
/home/xenoamess/VirtualBox-7.1.6/.tmp_src.cc:2:10: fatal error: Python.h: No such file or directory
    2 | #include <Python.h>
      |          ^~~~~~~~~~
compilation terminated.
compiling the following source file:
#include <cstdio>
#include <Python.h>
extern "C" int main(void)
{
  Py_Initialize();
  printf("found version %s", PY_VERSION);
#if PY_VERSION_HEX >= 0x02060000
  printf(", OK.\n");
  return 0;
#else
  printf(", expected version 2.6 or higher\n");
  return 1;
#endif
}
using the following command line:
g++ -O -Wall -o /home/xenoamess/VirtualBox-7.1.6/.tmp_out /home/xenoamess/VirtualBox-7.1.6/.tmp_src.cc -I/usr/include/python3.4 /usr/lib/libpython3.4.so
/home/xenoamess/VirtualBox-7.1.6/.tmp_src.cc:2:10: fatal error: Python.h: No such file or directory
    2 | #include <Python.h>
      |          ^~~~~~~~~~
compilation terminated.
compiling the following source file:
#include <cstdio>
#include <Python.h>
extern "C" int main(void)
{
  Py_Initialize();
  printf("found version %s", PY_VERSION);
#if PY_VERSION_HEX >= 0x02060000
  printf(", OK.\n");
  return 0;
#else
  printf(", expected version 2.6 or higher\n");
  return 1;
#endif
}
using the following command line:
g++ -O -Wall -o /home/xenoamess/VirtualBox-7.1.6/.tmp_out /home/xenoamess/VirtualBox-7.1.6/.tmp_src.cc -I/usr/include/python3.4m /usr/lib/x86_64-linux-gnu/libpython3.4m.so
/home/xenoamess/VirtualBox-7.1.6/.tmp_src.cc:2:10: fatal error: Python.h: No such file or directory
    2 | #include <Python.h>
      |          ^~~~~~~~~~
compilation terminated.
compiling the following source file:
#include <cstdio>
#include <Python.h>
extern "C" int main(void)
{
  Py_Initialize();
  printf("found version %s", PY_VERSION);
#if PY_VERSION_HEX >= 0x02060000
  printf(", OK.\n");
  return 0;
#else
  printf(", expected version 2.6 or higher\n");
  return 1;
#endif
}
using the following command line:
g++ -O -Wall -o /home/xenoamess/VirtualBox-7.1.6/.tmp_out /home/xenoamess/VirtualBox-7.1.6/.tmp_src.cc -I/usr/include/python3.4m /usr/lib/i386-linux-gnu/libpython3.4m.so
/home/xenoamess/VirtualBox-7.1.6/.tmp_src.cc:2:10: fatal error: Python.h: No such file or directory
    2 | #include <Python.h>
      |          ^~~~~~~~~~
compilation terminated.
compiling the following source file:
#include <cstdio>
#include <Python.h>
extern "C" int main(void)
{
  Py_Initialize();
  printf("found version %s", PY_VERSION);
#if PY_VERSION_HEX >= 0x02060000
  printf(", OK.\n");
  return 0;
#else
  printf(", expected version 2.6 or higher\n");
  return 1;
#endif
}
using the following command line:
g++ -O -Wall -o /home/xenoamess/VirtualBox-7.1.6/.tmp_out /home/xenoamess/VirtualBox-7.1.6/.tmp_src.cc -I/usr/include/python3.4m /usr/lib64/libpython3.4m.so
/home/xenoamess/VirtualBox-7.1.6/.tmp_src.cc:2:10: fatal error: Python.h: No such file or directory
    2 | #include <Python.h>
      |          ^~~~~~~~~~
compilation terminated.
compiling the following source file:
#include <cstdio>
#include <Python.h>
extern "C" int main(void)
{
  Py_Initialize();
  printf("found version %s", PY_VERSION);
#if PY_VERSION_HEX >= 0x02060000
  printf(", OK.\n");
  return 0;
#else
  printf(", expected version 2.6 or higher\n");
  return 1;
#endif
}
using the following command line:
g++ -O -Wall -o /home/xenoamess/VirtualBox-7.1.6/.tmp_out /home/xenoamess/VirtualBox-7.1.6/.tmp_src.cc -I/usr/include/python3.4m /usr/lib/64/libpython3.4m.so
/home/xenoamess/VirtualBox-7.1.6/.tmp_src.cc:2:10: fatal error: Python.h: No such file or directory
    2 | #include <Python.h>
      |          ^~~~~~~~~~
compilation terminated.
compiling the following source file:
#include <cstdio>
#include <Python.h>
extern "C" int main(void)
{
  Py_Initialize();
  printf("found version %s", PY_VERSION);
#if PY_VERSION_HEX >= 0x02060000
  printf(", OK.\n");
  return 0;
#else
  printf(", expected version 2.6 or higher\n");
  return 1;
#endif
}
using the following command line:
g++ -O -Wall -o /home/xenoamess/VirtualBox-7.1.6/.tmp_out /home/xenoamess/VirtualBox-7.1.6/.tmp_src.cc -I/usr/include/python3.4m /usr/lib/libpython3.4m.so
/home/xenoamess/VirtualBox-7.1.6/.tmp_src.cc:2:10: fatal error: Python.h: No such file or directory
    2 | #include <Python.h>
      |          ^~~~~~~~~~
compilation terminated.
compiling the following source file:
#include <cstdio>
#include <Python.h>
extern "C" int main(void)
{
  Py_Initialize();
  printf("found version %s", PY_VERSION);
#if PY_VERSION_HEX >= 0x02060000
  printf(", OK.\n");
  return 0;
#else
  printf(", expected version 2.6 or higher\n");
  return 1;
#endif
}
using the following command line:
g++ -O -Wall -o /home/xenoamess/VirtualBox-7.1.6/.tmp_out /home/xenoamess/VirtualBox-7.1.6/.tmp_src.cc -I/usr/include/python3.5 /usr/lib/x86_64-linux-gnu/libpython3.5.so
/home/xenoamess/VirtualBox-7.1.6/.tmp_src.cc:2:10: fatal error: Python.h: No such file or directory
    2 | #include <Python.h>
      |          ^~~~~~~~~~
compilation terminated.
compiling the following source file:
#include <cstdio>
#include <Python.h>
extern "C" int main(void)
{
  Py_Initialize();
  printf("found version %s", PY_VERSION);
#if PY_VERSION_HEX >= 0x02060000
  printf(", OK.\n");
  return 0;
#else
  printf(", expected version 2.6 or higher\n");
  return 1;
#endif
}
using the following command line:
g++ -O -Wall -o /home/xenoamess/VirtualBox-7.1.6/.tmp_out /home/xenoamess/VirtualBox-7.1.6/.tmp_src.cc -I/usr/include/python3.5 /usr/lib/i386-linux-gnu/libpython3.5.so
/home/xenoamess/VirtualBox-7.1.6/.tmp_src.cc:2:10: fatal error: Python.h: No such file or directory
    2 | #include <Python.h>
      |          ^~~~~~~~~~
compilation terminated.
compiling the following source file:
#include <cstdio>
#include <Python.h>
extern "C" int main(void)
{
  Py_Initialize();
  printf("found version %s", PY_VERSION);
#if PY_VERSION_HEX >= 0x02060000
  printf(", OK.\n");
  return 0;
#else
  printf(", expected version 2.6 or higher\n");
  return 1;
#endif
}
using the following command line:
g++ -O -Wall -o /home/xenoamess/VirtualBox-7.1.6/.tmp_out /home/xenoamess/VirtualBox-7.1.6/.tmp_src.cc -I/usr/include/python3.5 /usr/lib64/libpython3.5.so
/home/xenoamess/VirtualBox-7.1.6/.tmp_src.cc:2:10: fatal error: Python.h: No such file or directory
    2 | #include <Python.h>
      |          ^~~~~~~~~~
compilation terminated.
compiling the following source file:
#include <cstdio>
#include <Python.h>
extern "C" int main(void)
{
  Py_Initialize();
  printf("found version %s", PY_VERSION);
#if PY_VERSION_HEX >= 0x02060000
  printf(", OK.\n");
  return 0;
#else
  printf(", expected version 2.6 or higher\n");
  return 1;
#endif
}
using the following command line:
g++ -O -Wall -o /home/xenoamess/VirtualBox-7.1.6/.tmp_out /home/xenoamess/VirtualBox-7.1.6/.tmp_src.cc -I/usr/include/python3.5 /usr/lib/64/libpython3.5.so
/home/xenoamess/VirtualBox-7.1.6/.tmp_src.cc:2:10: fatal error: Python.h: No such file or directory
    2 | #include <Python.h>
      |          ^~~~~~~~~~
compilation terminated.
compiling the following source file:
#include <cstdio>
#include <Python.h>
extern "C" int main(void)
{
  Py_Initialize();
  printf("found version %s", PY_VERSION);
#if PY_VERSION_HEX >= 0x02060000
  printf(", OK.\n");
  return 0;
#else
  printf(", expected version 2.6 or higher\n");
  return 1;
#endif
}
using the following command line:
g++ -O -Wall -o /home/xenoamess/VirtualBox-7.1.6/.tmp_out /home/xenoamess/VirtualBox-7.1.6/.tmp_src.cc -I/usr/include/python3.5 /usr/lib/libpython3.5.so
/home/xenoamess/VirtualBox-7.1.6/.tmp_src.cc:2:10: fatal error: Python.h: No such file or directory
    2 | #include <Python.h>
      |          ^~~~~~~~~~
compilation terminated.
compiling the following source file:
#include <cstdio>
#include <Python.h>
extern "C" int main(void)
{
  Py_Initialize();
  printf("found version %s", PY_VERSION);
#if PY_VERSION_HEX >= 0x02060000
  printf(", OK.\n");
  return 0;
#else
  printf(", expected version 2.6 or higher\n");
  return 1;
#endif
}
using the following command line:
g++ -O -Wall -o /home/xenoamess/VirtualBox-7.1.6/.tmp_out /home/xenoamess/VirtualBox-7.1.6/.tmp_src.cc -I/usr/include/python3.5m /usr/lib/x86_64-linux-gnu/libpython3.5m.so
/home/xenoamess/VirtualBox-7.1.6/.tmp_src.cc:2:10: fatal error: Python.h: No such file or directory
    2 | #include <Python.h>
      |          ^~~~~~~~~~
compilation terminated.
compiling the following source file:
#include <cstdio>
#include <Python.h>
extern "C" int main(void)
{
  Py_Initialize();
  printf("found version %s", PY_VERSION);
#if PY_VERSION_HEX >= 0x02060000
  printf(", OK.\n");
  return 0;
#else
  printf(", expected version 2.6 or higher\n");
  return 1;
#endif
}
using the following command line:
g++ -O -Wall -o /home/xenoamess/VirtualBox-7.1.6/.tmp_out /home/xenoamess/VirtualBox-7.1.6/.tmp_src.cc -I/usr/include/python3.5m /usr/lib/i386-linux-gnu/libpython3.5m.so
/home/xenoamess/VirtualBox-7.1.6/.tmp_src.cc:2:10: fatal error: Python.h: No such file or directory
    2 | #include <Python.h>
      |          ^~~~~~~~~~
compilation terminated.
compiling the following source file:
#include <cstdio>
#include <Python.h>
extern "C" int main(void)
{
  Py_Initialize();
  printf("found version %s", PY_VERSION);
#if PY_VERSION_HEX >= 0x02060000
  printf(", OK.\n");
  return 0;
#else
  printf(", expected version 2.6 or higher\n");
  return 1;
#endif
}
using the following command line:
g++ -O -Wall -o /home/xenoamess/VirtualBox-7.1.6/.tmp_out /home/xenoamess/VirtualBox-7.1.6/.tmp_src.cc -I/usr/include/python3.5m /usr/lib64/libpython3.5m.so
/home/xenoamess/VirtualBox-7.1.6/.tmp_src.cc:2:10: fatal error: Python.h: No such file or directory
    2 | #include <Python.h>
      |          ^~~~~~~~~~
compilation terminated.
compiling the following source file:
#include <cstdio>
#include <Python.h>
extern "C" int main(void)
{
  Py_Initialize();
  printf("found version %s", PY_VERSION);
#if PY_VERSION_HEX >= 0x02060000
  printf(", OK.\n");
  return 0;
#else
  printf(", expected version 2.6 or higher\n");
  return 1;
#endif
}
using the following command line:
g++ -O -Wall -o /home/xenoamess/VirtualBox-7.1.6/.tmp_out /home/xenoamess/VirtualBox-7.1.6/.tmp_src.cc -I/usr/include/python3.5m /usr/lib/64/libpython3.5m.so
/home/xenoamess/VirtualBox-7.1.6/.tmp_src.cc:2:10: fatal error: Python.h: No such file or directory
    2 | #include <Python.h>
      |          ^~~~~~~~~~
compilation terminated.
compiling the following source file:
#include <cstdio>
#include <Python.h>
extern "C" int main(void)
{
  Py_Initialize();
  printf("found version %s", PY_VERSION);
#if PY_VERSION_HEX >= 0x02060000
  printf(", OK.\n");
  return 0;
#else
  printf(", expected version 2.6 or higher\n");
  return 1;
#endif
}
using the following command line:
g++ -O -Wall -o /home/xenoamess/VirtualBox-7.1.6/.tmp_out /home/xenoamess/VirtualBox-7.1.6/.tmp_src.cc -I/usr/include/python3.5m /usr/lib/libpython3.5m.so
/home/xenoamess/VirtualBox-7.1.6/.tmp_src.cc:2:10: fatal error: Python.h: No such file or directory
    2 | #include <Python.h>
      |          ^~~~~~~~~~
compilation terminated.
compiling the following source file:
#include <cstdio>
#include <Python.h>
extern "C" int main(void)
{
  Py_Initialize();
  printf("found version %s", PY_VERSION);
#if PY_VERSION_HEX >= 0x02060000
  printf(", OK.\n");
  return 0;
#else
  printf(", expected version 2.6 or higher\n");
  return 1;
#endif
}
using the following command line:
g++ -O -Wall -o /home/xenoamess/VirtualBox-7.1.6/.tmp_out /home/xenoamess/VirtualBox-7.1.6/.tmp_src.cc -I/usr/include/python3.6 /usr/lib/x86_64-linux-gnu/libpython3.6.so
/home/xenoamess/VirtualBox-7.1.6/.tmp_src.cc:2:10: fatal error: Python.h: No such file or directory
    2 | #include <Python.h>
      |          ^~~~~~~~~~
compilation terminated.
compiling the following source file:
#include <cstdio>
#include <Python.h>
extern "C" int main(void)
{
  Py_Initialize();
  printf("found version %s", PY_VERSION);
#if PY_VERSION_HEX >= 0x02060000
  printf(", OK.\n");
  return 0;
#else
  printf(", expected version 2.6 or higher\n");
  return 1;
#endif
}
using the following command line:
g++ -O -Wall -o /home/xenoamess/VirtualBox-7.1.6/.tmp_out /home/xenoamess/VirtualBox-7.1.6/.tmp_src.cc -I/usr/include/python3.6 /usr/lib/i386-linux-gnu/libpython3.6.so
/home/xenoamess/VirtualBox-7.1.6/.tmp_src.cc:2:10: fatal error: Python.h: No such file or directory
    2 | #include <Python.h>
      |          ^~~~~~~~~~
compilation terminated.
compiling the following source file:
#include <cstdio>
#include <Python.h>
extern "C" int main(void)
{
  Py_Initialize();
  printf("found version %s", PY_VERSION);
#if PY_VERSION_HEX >= 0x02060000
  printf(", OK.\n");
  return 0;
#else
  printf(", expected version 2.6 or higher\n");
  return 1;
#endif
}
using the following command line:
g++ -O -Wall -o /home/xenoamess/VirtualBox-7.1.6/.tmp_out /home/xenoamess/VirtualBox-7.1.6/.tmp_src.cc -I/usr/include/python3.6 /usr/lib64/libpython3.6.so
/home/xenoamess/VirtualBox-7.1.6/.tmp_src.cc:2:10: fatal error: Python.h: No such file or directory
    2 | #include <Python.h>
      |          ^~~~~~~~~~
compilation terminated.
compiling the following source file:
#include <cstdio>
#include <Python.h>
extern "C" int main(void)
{
  Py_Initialize();
  printf("found version %s", PY_VERSION);
#if PY_VERSION_HEX >= 0x02060000
  printf(", OK.\n");
  return 0;
#else
  printf(", expected version 2.6 or higher\n");
  return 1;
#endif
}
using the following command line:
g++ -O -Wall -o /home/xenoamess/VirtualBox-7.1.6/.tmp_out /home/xenoamess/VirtualBox-7.1.6/.tmp_src.cc -I/usr/include/python3.6 /usr/lib/64/libpython3.6.so
/home/xenoamess/VirtualBox-7.1.6/.tmp_src.cc:2:10: fatal error: Python.h: No such file or directory
    2 | #include <Python.h>
      |          ^~~~~~~~~~
compilation terminated.
compiling the following source file:
#include <cstdio>
#include <Python.h>
extern "C" int main(void)
{
  Py_Initialize();
  printf("found version %s", PY_VERSION);
#if PY_VERSION_HEX >= 0x02060000
  printf(", OK.\n");
  return 0;
#else
  printf(", expected version 2.6 or higher\n");
  return 1;
#endif
}
using the following command line:
g++ -O -Wall -o /home/xenoamess/VirtualBox-7.1.6/.tmp_out /home/xenoamess/VirtualBox-7.1.6/.tmp_src.cc -I/usr/include/python3.6 /usr/lib/libpython3.6.so
/home/xenoamess/VirtualBox-7.1.6/.tmp_src.cc:2:10: fatal error: Python.h: No such file or directory
    2 | #include <Python.h>
      |          ^~~~~~~~~~
compilation terminated.
compiling the following source file:
#include <cstdio>
#include <Python.h>
extern "C" int main(void)
{
  Py_Initialize();
  printf("found version %s", PY_VERSION);
#if PY_VERSION_HEX >= 0x02060000
  printf(", OK.\n");
  return 0;
#else
  printf(", expected version 2.6 or higher\n");
  return 1;
#endif
}
using the following command line:
g++ -O -Wall -o /home/xenoamess/VirtualBox-7.1.6/.tmp_out /home/xenoamess/VirtualBox-7.1.6/.tmp_src.cc -I/usr/include/python3.6m /usr/lib/x86_64-linux-gnu/libpython3.6m.so
/home/xenoamess/VirtualBox-7.1.6/.tmp_src.cc:2:10: fatal error: Python.h: No such file or directory
    2 | #include <Python.h>
      |          ^~~~~~~~~~
compilation terminated.
compiling the following source file:
#include <cstdio>
#include <Python.h>
extern "C" int main(void)
{
  Py_Initialize();
  printf("found version %s", PY_VERSION);
#if PY_VERSION_HEX >= 0x02060000
  printf(", OK.\n");
  return 0;
#else
  printf(", expected version 2.6 or higher\n");
  return 1;
#endif
}
using the following command line:
g++ -O -Wall -o /home/xenoamess/VirtualBox-7.1.6/.tmp_out /home/xenoamess/VirtualBox-7.1.6/.tmp_src.cc -I/usr/include/python3.6m /usr/lib/i386-linux-gnu/libpython3.6m.so
/home/xenoamess/VirtualBox-7.1.6/.tmp_src.cc:2:10: fatal error: Python.h: No such file or directory
    2 | #include <Python.h>
      |          ^~~~~~~~~~
compilation terminated.
compiling the following source file:
#include <cstdio>
#include <Python.h>
extern "C" int main(void)
{
  Py_Initialize();
  printf("found version %s", PY_VERSION);
#if PY_VERSION_HEX >= 0x02060000
  printf(", OK.\n");
  return 0;
#else
  printf(", expected version 2.6 or higher\n");
  return 1;
#endif
}
using the following command line:
g++ -O -Wall -o /home/xenoamess/VirtualBox-7.1.6/.tmp_out /home/xenoamess/VirtualBox-7.1.6/.tmp_src.cc -I/usr/include/python3.6m /usr/lib64/libpython3.6m.so
/home/xenoamess/VirtualBox-7.1.6/.tmp_src.cc:2:10: fatal error: Python.h: No such file or directory
    2 | #include <Python.h>
      |          ^~~~~~~~~~
compilation terminated.
compiling the following source file:
#include <cstdio>
#include <Python.h>
extern "C" int main(void)
{
  Py_Initialize();
  printf("found version %s", PY_VERSION);
#if PY_VERSION_HEX >= 0x02060000
  printf(", OK.\n");
  return 0;
#else
  printf(", expected version 2.6 or higher\n");
  return 1;
#endif
}
using the following command line:
g++ -O -Wall -o /home/xenoamess/VirtualBox-7.1.6/.tmp_out /home/xenoamess/VirtualBox-7.1.6/.tmp_src.cc -I/usr/include/python3.6m /usr/lib/64/libpython3.6m.so
/home/xenoamess/VirtualBox-7.1.6/.tmp_src.cc:2:10: fatal error: Python.h: No such file or directory
    2 | #include <Python.h>
      |          ^~~~~~~~~~
compilation terminated.
compiling the following source file:
#include <cstdio>
#include <Python.h>
extern "C" int main(void)
{
  Py_Initialize();
  printf("found version %s", PY_VERSION);
#if PY_VERSION_HEX >= 0x02060000
  printf(", OK.\n");
  return 0;
#else
  printf(", expected version 2.6 or higher\n");
  return 1;
#endif
}
using the following command line:
g++ -O -Wall -o /home/xenoamess/VirtualBox-7.1.6/.tmp_out /home/xenoamess/VirtualBox-7.1.6/.tmp_src.cc -I/usr/include/python3.6m /usr/lib/libpython3.6m.so
/home/xenoamess/VirtualBox-7.1.6/.tmp_src.cc:2:10: fatal error: Python.h: No such file or directory
    2 | #include <Python.h>
      |          ^~~~~~~~~~
compilation terminated.
compiling the following source file:
#include <cstdio>
#include <Python.h>
extern "C" int main(void)
{
  Py_Initialize();
  printf("found version %s", PY_VERSION);
#if PY_VERSION_HEX >= 0x02060000
  printf(", OK.\n");
  return 0;
#else
  printf(", expected version 2.6 or higher\n");
  return 1;
#endif
}
using the following command line:
g++ -O -Wall -o /home/xenoamess/VirtualBox-7.1.6/.tmp_out /home/xenoamess/VirtualBox-7.1.6/.tmp_src.cc -I/usr/include/python3.7 /usr/lib/x86_64-linux-gnu/libpython3.7.so
/home/xenoamess/VirtualBox-7.1.6/.tmp_src.cc:2:10: fatal error: Python.h: No such file or directory
    2 | #include <Python.h>
      |          ^~~~~~~~~~
compilation terminated.
compiling the following source file:
#include <cstdio>
#include <Python.h>
extern "C" int main(void)
{
  Py_Initialize();
  printf("found version %s", PY_VERSION);
#if PY_VERSION_HEX >= 0x02060000
  printf(", OK.\n");
  return 0;
#else
  printf(", expected version 2.6 or higher\n");
  return 1;
#endif
}
using the following command line:
g++ -O -Wall -o /home/xenoamess/VirtualBox-7.1.6/.tmp_out /home/xenoamess/VirtualBox-7.1.6/.tmp_src.cc -I/usr/include/python3.7 /usr/lib/i386-linux-gnu/libpython3.7.so
/home/xenoamess/VirtualBox-7.1.6/.tmp_src.cc:2:10: fatal error: Python.h: No such file or directory
    2 | #include <Python.h>
      |          ^~~~~~~~~~
compilation terminated.
compiling the following source file:
#include <cstdio>
#include <Python.h>
extern "C" int main(void)
{
  Py_Initialize();
  printf("found version %s", PY_VERSION);
#if PY_VERSION_HEX >= 0x02060000
  printf(", OK.\n");
  return 0;
#else
  printf(", expected version 2.6 or higher\n");
  return 1;
#endif
}
using the following command line:
g++ -O -Wall -o /home/xenoamess/VirtualBox-7.1.6/.tmp_out /home/xenoamess/VirtualBox-7.1.6/.tmp_src.cc -I/usr/include/python3.7 /usr/lib64/libpython3.7.so
/home/xenoamess/VirtualBox-7.1.6/.tmp_src.cc:2:10: fatal error: Python.h: No such file or directory
    2 | #include <Python.h>
      |          ^~~~~~~~~~
compilation terminated.
compiling the following source file:
#include <cstdio>
#include <Python.h>
extern "C" int main(void)
{
  Py_Initialize();
  printf("found version %s", PY_VERSION);
#if PY_VERSION_HEX >= 0x02060000
  printf(", OK.\n");
  return 0;
#else
  printf(", expected version 2.6 or higher\n");
  return 1;
#endif
}
using the following command line:
g++ -O -Wall -o /home/xenoamess/VirtualBox-7.1.6/.tmp_out /home/xenoamess/VirtualBox-7.1.6/.tmp_src.cc -I/usr/include/python3.7 /usr/lib/64/libpython3.7.so
/home/xenoamess/VirtualBox-7.1.6/.tmp_src.cc:2:10: fatal error: Python.h: No such file or directory
    2 | #include <Python.h>
      |          ^~~~~~~~~~
compilation terminated.
compiling the following source file:
#include <cstdio>
#include <Python.h>
extern "C" int main(void)
{
  Py_Initialize();
  printf("found version %s", PY_VERSION);
#if PY_VERSION_HEX >= 0x02060000
  printf(", OK.\n");
  return 0;
#else
  printf(", expected version 2.6 or higher\n");
  return 1;
#endif
}
using the following command line:
g++ -O -Wall -o /home/xenoamess/VirtualBox-7.1.6/.tmp_out /home/xenoamess/VirtualBox-7.1.6/.tmp_src.cc -I/usr/include/python3.7 /usr/lib/libpython3.7.so
/home/xenoamess/VirtualBox-7.1.6/.tmp_src.cc:2:10: fatal error: Python.h: No such file or directory
    2 | #include <Python.h>
      |          ^~~~~~~~~~
compilation terminated.
compiling the following source file:
#include <cstdio>
#include <Python.h>
extern "C" int main(void)
{
  Py_Initialize();
  printf("found version %s", PY_VERSION);
#if PY_VERSION_HEX >= 0x02060000
  printf(", OK.\n");
  return 0;
#else
  printf(", expected version 2.6 or higher\n");
  return 1;
#endif
}
using the following command line:
g++ -O -Wall -o /home/xenoamess/VirtualBox-7.1.6/.tmp_out /home/xenoamess/VirtualBox-7.1.6/.tmp_src.cc -I/usr/include/python3.7m /usr/lib/x86_64-linux-gnu/libpython3.7m.so
/home/xenoamess/VirtualBox-7.1.6/.tmp_src.cc:2:10: fatal error: Python.h: No such file or directory
    2 | #include <Python.h>
      |          ^~~~~~~~~~
compilation terminated.
compiling the following source file:
#include <cstdio>
#include <Python.h>
extern "C" int main(void)
{
  Py_Initialize();
  printf("found version %s", PY_VERSION);
#if PY_VERSION_HEX >= 0x02060000
  printf(", OK.\n");
  return 0;
#else
  printf(", expected version 2.6 or higher\n");
  return 1;
#endif
}
using the following command line:
g++ -O -Wall -o /home/xenoamess/VirtualBox-7.1.6/.tmp_out /home/xenoamess/VirtualBox-7.1.6/.tmp_src.cc -I/usr/include/python3.7m /usr/lib/i386-linux-gnu/libpython3.7m.so
/home/xenoamess/VirtualBox-7.1.6/.tmp_src.cc:2:10: fatal error: Python.h: No such file or directory
    2 | #include <Python.h>
      |          ^~~~~~~~~~
compilation terminated.
compiling the following source file:
#include <cstdio>
#include <Python.h>
extern "C" int main(void)
{
  Py_Initialize();
  printf("found version %s", PY_VERSION);
#if PY_VERSION_HEX >= 0x02060000
  printf(", OK.\n");
  return 0;
#else
  printf(", expected version 2.6 or higher\n");
  return 1;
#endif
}
using the following command line:
g++ -O -Wall -o /home/xenoamess/VirtualBox-7.1.6/.tmp_out /home/xenoamess/VirtualBox-7.1.6/.tmp_src.cc -I/usr/include/python3.7m /usr/lib64/libpython3.7m.so
/home/xenoamess/VirtualBox-7.1.6/.tmp_src.cc:2:10: fatal error: Python.h: No such file or directory
    2 | #include <Python.h>
      |          ^~~~~~~~~~
compilation terminated.
compiling the following source file:
#include <cstdio>
#include <Python.h>
extern "C" int main(void)
{
  Py_Initialize();
  printf("found version %s", PY_VERSION);
#if PY_VERSION_HEX >= 0x02060000
  printf(", OK.\n");
  return 0;
#else
  printf(", expected version 2.6 or higher\n");
  return 1;
#endif
}
using the following command line:
g++ -O -Wall -o /home/xenoamess/VirtualBox-7.1.6/.tmp_out /home/xenoamess/VirtualBox-7.1.6/.tmp_src.cc -I/usr/include/python3.7m /usr/lib/64/libpython3.7m.so
/home/xenoamess/VirtualBox-7.1.6/.tmp_src.cc:2:10: fatal error: Python.h: No such file or directory
    2 | #include <Python.h>
      |          ^~~~~~~~~~
compilation terminated.
compiling the following source file:
#include <cstdio>
#include <Python.h>
extern "C" int main(void)
{
  Py_Initialize();
  printf("found version %s", PY_VERSION);
#if PY_VERSION_HEX >= 0x02060000
  printf(", OK.\n");
  return 0;
#else
  printf(", expected version 2.6 or higher\n");
  return 1;
#endif
}
using the following command line:
g++ -O -Wall -o /home/xenoamess/VirtualBox-7.1.6/.tmp_out /home/xenoamess/VirtualBox-7.1.6/.tmp_src.cc -I/usr/include/python3.7m /usr/lib/libpython3.7m.so
/home/xenoamess/VirtualBox-7.1.6/.tmp_src.cc:2:10: fatal error: Python.h: No such file or directory
    2 | #include <Python.h>
      |          ^~~~~~~~~~
compilation terminated.
compiling the following source file:
#include <cstdio>
#include <Python.h>
extern "C" int main(void)
{
  Py_Initialize();
  printf("found version %s", PY_VERSION);
#if PY_VERSION_HEX >= 0x02060000
  printf(", OK.\n");
  return 0;
#else
  printf(", expected version 2.6 or higher\n");
  return 1;
#endif
}
using the following command line:
g++ -O -Wall -o /home/xenoamess/VirtualBox-7.1.6/.tmp_out /home/xenoamess/VirtualBox-7.1.6/.tmp_src.cc -I/usr/include/python3.8 /usr/lib/x86_64-linux-gnu/libpython3.8.so
/home/xenoamess/VirtualBox-7.1.6/.tmp_src.cc:2:10: fatal error: Python.h: No such file or directory
    2 | #include <Python.h>
      |          ^~~~~~~~~~
compilation terminated.
compiling the following source file:
#include <cstdio>
#include <Python.h>
extern "C" int main(void)
{
  Py_Initialize();
  printf("found version %s", PY_VERSION);
#if PY_VERSION_HEX >= 0x02060000
  printf(", OK.\n");
  return 0;
#else
  printf(", expected version 2.6 or higher\n");
  return 1;
#endif
}
using the following command line:
g++ -O -Wall -o /home/xenoamess/VirtualBox-7.1.6/.tmp_out /home/xenoamess/VirtualBox-7.1.6/.tmp_src.cc -I/usr/include/python3.8 /usr/lib/i386-linux-gnu/libpython3.8.so
/home/xenoamess/VirtualBox-7.1.6/.tmp_src.cc:2:10: fatal error: Python.h: No such file or directory
    2 | #include <Python.h>
      |          ^~~~~~~~~~
compilation terminated.
compiling the following source file:
#include <cstdio>
#include <Python.h>
extern "C" int main(void)
{
  Py_Initialize();
  printf("found version %s", PY_VERSION);
#if PY_VERSION_HEX >= 0x02060000
  printf(", OK.\n");
  return 0;
#else
  printf(", expected version 2.6 or higher\n");
  return 1;
#endif
}
using the following command line:
g++ -O -Wall -o /home/xenoamess/VirtualBox-7.1.6/.tmp_out /home/xenoamess/VirtualBox-7.1.6/.tmp_src.cc -I/usr/include/python3.8 /usr/lib64/libpython3.8.so
/home/xenoamess/VirtualBox-7.1.6/.tmp_src.cc:2:10: fatal error: Python.h: No such file or directory
    2 | #include <Python.h>
      |          ^~~~~~~~~~
compilation terminated.
compiling the following source file:
#include <cstdio>
#include <Python.h>
extern "C" int main(void)
{
  Py_Initialize();
  printf("found version %s", PY_VERSION);
#if PY_VERSION_HEX >= 0x02060000
  printf(", OK.\n");
  return 0;
#else
  printf(", expected version 2.6 or higher\n");
  return 1;
#endif
}
using the following command line:
g++ -O -Wall -o /home/xenoamess/VirtualBox-7.1.6/.tmp_out /home/xenoamess/VirtualBox-7.1.6/.tmp_src.cc -I/usr/include/python3.8 /usr/lib/64/libpython3.8.so
/home/xenoamess/VirtualBox-7.1.6/.tmp_src.cc:2:10: fatal error: Python.h: No such file or directory
    2 | #include <Python.h>
      |          ^~~~~~~~~~
compilation terminated.
compiling the following source file:
#include <cstdio>
#include <Python.h>
extern "C" int main(void)
{
  Py_Initialize();
  printf("found version %s", PY_VERSION);
#if PY_VERSION_HEX >= 0x02060000
  printf(", OK.\n");
  return 0;
#else
  printf(", expected version 2.6 or higher\n");
  return 1;
#endif
}
using the following command line:
g++ -O -Wall -o /home/xenoamess/VirtualBox-7.1.6/.tmp_out /home/xenoamess/VirtualBox-7.1.6/.tmp_src.cc -I/usr/include/python3.8 /usr/lib/libpython3.8.so
/home/xenoamess/VirtualBox-7.1.6/.tmp_src.cc:2:10: fatal error: Python.h: No such file or directory
    2 | #include <Python.h>
      |          ^~~~~~~~~~
compilation terminated.
compiling the following source file:
#include <cstdio>
#include <Python.h>
extern "C" int main(void)
{
  Py_Initialize();
  printf("found version %s", PY_VERSION);
#if PY_VERSION_HEX >= 0x02060000
  printf(", OK.\n");
  return 0;
#else
  printf(", expected version 2.6 or higher\n");
  return 1;
#endif
}
using the following command line:
g++ -O -Wall -o /home/xenoamess/VirtualBox-7.1.6/.tmp_out /home/xenoamess/VirtualBox-7.1.6/.tmp_src.cc -I/usr/include/python3.9 /usr/lib/x86_64-linux-gnu/libpython3.9.so
/home/xenoamess/VirtualBox-7.1.6/.tmp_src.cc:2:10: fatal error: Python.h: No such file or directory
    2 | #include <Python.h>
      |          ^~~~~~~~~~
compilation terminated.
compiling the following source file:
#include <cstdio>
#include <Python.h>
extern "C" int main(void)
{
  Py_Initialize();
  printf("found version %s", PY_VERSION);
#if PY_VERSION_HEX >= 0x02060000
  printf(", OK.\n");
  return 0;
#else
  printf(", expected version 2.6 or higher\n");
  return 1;
#endif
}
using the following command line:
g++ -O -Wall -o /home/xenoamess/VirtualBox-7.1.6/.tmp_out /home/xenoamess/VirtualBox-7.1.6/.tmp_src.cc -I/usr/include/python3.9 /usr/lib/i386-linux-gnu/libpython3.9.so
/home/xenoamess/VirtualBox-7.1.6/.tmp_src.cc:2:10: fatal error: Python.h: No such file or directory
    2 | #include <Python.h>
      |          ^~~~~~~~~~
compilation terminated.
compiling the following source file:
#include <cstdio>
#include <Python.h>
extern "C" int main(void)
{
  Py_Initialize();
  printf("found version %s", PY_VERSION);
#if PY_VERSION_HEX >= 0x02060000
  printf(", OK.\n");
  return 0;
#else
  printf(", expected version 2.6 or higher\n");
  return 1;
#endif
}
using the following command line:
g++ -O -Wall -o /home/xenoamess/VirtualBox-7.1.6/.tmp_out /home/xenoamess/VirtualBox-7.1.6/.tmp_src.cc -I/usr/include/python3.9 /usr/lib64/libpython3.9.so
/home/xenoamess/VirtualBox-7.1.6/.tmp_src.cc:2:10: fatal error: Python.h: No such file or directory
    2 | #include <Python.h>
      |          ^~~~~~~~~~
compilation terminated.
compiling the following source file:
#include <cstdio>
#include <Python.h>
extern "C" int main(void)
{
  Py_Initialize();
  printf("found version %s", PY_VERSION);
#if PY_VERSION_HEX >= 0x02060000
  printf(", OK.\n");
  return 0;
#else
  printf(", expected version 2.6 or higher\n");
  return 1;
#endif
}
using the following command line:
g++ -O -Wall -o /home/xenoamess/VirtualBox-7.1.6/.tmp_out /home/xenoamess/VirtualBox-7.1.6/.tmp_src.cc -I/usr/include/python3.9 /usr/lib/64/libpython3.9.so
/home/xenoamess/VirtualBox-7.1.6/.tmp_src.cc:2:10: fatal error: Python.h: No such file or directory
    2 | #include <Python.h>
      |          ^~~~~~~~~~
compilation terminated.
compiling the following source file:
#include <cstdio>
#include <Python.h>
extern "C" int main(void)
{
  Py_Initialize();
  printf("found version %s", PY_VERSION);
#if PY_VERSION_HEX >= 0x02060000
  printf(", OK.\n");
  return 0;
#else
  printf(", expected version 2.6 or higher\n");
  return 1;
#endif
}
using the following command line:
g++ -O -Wall -o /home/xenoamess/VirtualBox-7.1.6/.tmp_out /home/xenoamess/VirtualBox-7.1.6/.tmp_src.cc -I/usr/include/python3.9 /usr/lib/libpython3.9.so
/home/xenoamess/VirtualBox-7.1.6/.tmp_src.cc:2:10: fatal error: Python.h: No such file or directory
    2 | #include <Python.h>
      |          ^~~~~~~~~~
compilation terminated.
compiling the following source file:
#include <cstdio>
#include <Python.h>
extern "C" int main(void)
{
  Py_Initialize();
  printf("found version %s", PY_VERSION);
#if PY_VERSION_HEX >= 0x02060000
  printf(", OK.\n");
  return 0;
#else
  printf(", expected version 2.6 or higher\n");
  return 1;
#endif
}
using the following command line:
g++ -O -Wall -o /home/xenoamess/VirtualBox-7.1.6/.tmp_out /home/xenoamess/VirtualBox-7.1.6/.tmp_src.cc -I/usr/include/python3.10 /usr/lib/x86_64-linux-gnu/libpython3.10.so
/home/xenoamess/VirtualBox-7.1.6/.tmp_src.cc:2:10: fatal error: Python.h: No such file or directory
    2 | #include <Python.h>
      |          ^~~~~~~~~~
compilation terminated.
compiling the following source file:
#include <cstdio>
#include <Python.h>
extern "C" int main(void)
{
  Py_Initialize();
  printf("found version %s", PY_VERSION);
#if PY_VERSION_HEX >= 0x02060000
  printf(", OK.\n");
  return 0;
#else
  printf(", expected version 2.6 or higher\n");
  return 1;
#endif
}
using the following command line:
g++ -O -Wall -o /home/xenoamess/VirtualBox-7.1.6/.tmp_out /home/xenoamess/VirtualBox-7.1.6/.tmp_src.cc -I/usr/include/python3.10 /usr/lib/i386-linux-gnu/libpython3.10.so
/home/xenoamess/VirtualBox-7.1.6/.tmp_src.cc:2:10: fatal error: Python.h: No such file or directory
    2 | #include <Python.h>
      |          ^~~~~~~~~~
compilation terminated.
compiling the following source file:
#include <cstdio>
#include <Python.h>
extern "C" int main(void)
{
  Py_Initialize();
  printf("found version %s", PY_VERSION);
#if PY_VERSION_HEX >= 0x02060000
  printf(", OK.\n");
  return 0;
#else
  printf(", expected version 2.6 or higher\n");
  return 1;
#endif
}
using the following command line:
g++ -O -Wall -o /home/xenoamess/VirtualBox-7.1.6/.tmp_out /home/xenoamess/VirtualBox-7.1.6/.tmp_src.cc -I/usr/include/python3.10 /usr/lib64/libpython3.10.so
/home/xenoamess/VirtualBox-7.1.6/.tmp_src.cc:2:10: fatal error: Python.h: No such file or directory
    2 | #include <Python.h>
      |          ^~~~~~~~~~
compilation terminated.
compiling the following source file:
#include <cstdio>
#include <Python.h>
extern "C" int main(void)
{
  Py_Initialize();
  printf("found version %s", PY_VERSION);
#if PY_VERSION_HEX >= 0x02060000
  printf(", OK.\n");
  return 0;
#else
  printf(", expected version 2.6 or higher\n");
  return 1;
#endif
}
using the following command line:
g++ -O -Wall -o /home/xenoamess/VirtualBox-7.1.6/.tmp_out /home/xenoamess/VirtualBox-7.1.6/.tmp_src.cc -I/usr/include/python3.10 /usr/lib/64/libpython3.10.so
/home/xenoamess/VirtualBox-7.1.6/.tmp_src.cc:2:10: fatal error: Python.h: No such file or directory
    2 | #include <Python.h>
      |          ^~~~~~~~~~
compilation terminated.
compiling the following source file:
#include <cstdio>
#include <Python.h>
extern "C" int main(void)
{
  Py_Initialize();
  printf("found version %s", PY_VERSION);
#if PY_VERSION_HEX >= 0x02060000
  printf(", OK.\n");
  return 0;
#else
  printf(", expected version 2.6 or higher\n");
  return 1;
#endif
}
using the following command line:
g++ -O -Wall -o /home/xenoamess/VirtualBox-7.1.6/.tmp_out /home/xenoamess/VirtualBox-7.1.6/.tmp_src.cc -I/usr/include/python3.10 /usr/lib/libpython3.10.so
/home/xenoamess/VirtualBox-7.1.6/.tmp_src.cc:2:10: fatal error: Python.h: No such file or directory
    2 | #include <Python.h>
      |          ^~~~~~~~~~
compilation terminated.
compiling the following source file:
#include <cstdio>
#include <Python.h>
extern "C" int main(void)
{
  Py_Initialize();
  printf("found version %s", PY_VERSION);
#if PY_VERSION_HEX >= 0x02060000
  printf(", OK.\n");
  return 0;
#else
  printf(", expected version 2.6 or higher\n");
  return 1;
#endif
}
using the following command line:
g++ -O -Wall -o /home/xenoamess/VirtualBox-7.1.6/.tmp_out /home/xenoamess/VirtualBox-7.1.6/.tmp_src.cc -I/usr/include/python3.11 /usr/lib/x86_64-linux-gnu/libpython3.11.so
/home/xenoamess/VirtualBox-7.1.6/.tmp_src.cc:2:10: fatal error: Python.h: No such file or directory
    2 | #include <Python.h>
      |          ^~~~~~~~~~
compilation terminated.
compiling the following source file:
#include <cstdio>
#include <Python.h>
extern "C" int main(void)
{
  Py_Initialize();
  printf("found version %s", PY_VERSION);
#if PY_VERSION_HEX >= 0x02060000
  printf(", OK.\n");
  return 0;
#else
  printf(", expected version 2.6 or higher\n");
  return 1;
#endif
}
using the following command line:
g++ -O -Wall -o /home/xenoamess/VirtualBox-7.1.6/.tmp_out /home/xenoamess/VirtualBox-7.1.6/.tmp_src.cc -I/usr/include/python3.11 /usr/lib/i386-linux-gnu/libpython3.11.so
/home/xenoamess/VirtualBox-7.1.6/.tmp_src.cc:2:10: fatal error: Python.h: No such file or directory
    2 | #include <Python.h>
      |          ^~~~~~~~~~
compilation terminated.
compiling the following source file:
#include <cstdio>
#include <Python.h>
extern "C" int main(void)
{
  Py_Initialize();
  printf("found version %s", PY_VERSION);
#if PY_VERSION_HEX >= 0x02060000
  printf(", OK.\n");
  return 0;
#else
  printf(", expected version 2.6 or higher\n");
  return 1;
#endif
}
using the following command line:
g++ -O -Wall -o /home/xenoamess/VirtualBox-7.1.6/.tmp_out /home/xenoamess/VirtualBox-7.1.6/.tmp_src.cc -I/usr/include/python3.11 /usr/lib64/libpython3.11.so
/home/xenoamess/VirtualBox-7.1.6/.tmp_src.cc:2:10: fatal error: Python.h: No such file or directory
    2 | #include <Python.h>
      |          ^~~~~~~~~~
compilation terminated.
compiling the following source file:
#include <cstdio>
#include <Python.h>
extern "C" int main(void)
{
  Py_Initialize();
  printf("found version %s", PY_VERSION);
#if PY_VERSION_HEX >= 0x02060000
  printf(", OK.\n");
  return 0;
#else
  printf(", expected version 2.6 or higher\n");
  return 1;
#endif
}
using the following command line:
g++ -O -Wall -o /home/xenoamess/VirtualBox-7.1.6/.tmp_out /home/xenoamess/VirtualBox-7.1.6/.tmp_src.cc -I/usr/include/python3.11 /usr/lib/64/libpython3.11.so
/home/xenoamess/VirtualBox-7.1.6/.tmp_src.cc:2:10: fatal error: Python.h: No such file or directory
    2 | #include <Python.h>
      |          ^~~~~~~~~~
compilation terminated.
compiling the following source file:
#include <cstdio>
#include <Python.h>
extern "C" int main(void)
{
  Py_Initialize();
  printf("found version %s", PY_VERSION);
#if PY_VERSION_HEX >= 0x02060000
  printf(", OK.\n");
  return 0;
#else
  printf(", expected version 2.6 or higher\n");
  return 1;
#endif
}
using the following command line:
g++ -O -Wall -o /home/xenoamess/VirtualBox-7.1.6/.tmp_out /home/xenoamess/VirtualBox-7.1.6/.tmp_src.cc -I/usr/include/python3.11 /usr/lib/libpython3.11.so
/home/xenoamess/VirtualBox-7.1.6/.tmp_src.cc:2:10: fatal error: Python.h: No such file or directory
    2 | #include <Python.h>
      |          ^~~~~~~~~~
compilation terminated.
compiling the following source file:
#include <cstdio>
#include <Python.h>
extern "C" int main(void)
{
  Py_Initialize();
  printf("found version %s", PY_VERSION);
#if PY_VERSION_HEX >= 0x02060000
  printf(", OK.\n");
  return 0;
#else
  printf(", expected version 2.6 or higher\n");
  return 1;
#endif
}
using the following command line:
g++ -O -Wall -o /home/xenoamess/VirtualBox-7.1.6/.tmp_out /home/xenoamess/VirtualBox-7.1.6/.tmp_src.cc -I/usr/include/python3.12 /usr/lib/x86_64-linux-gnu/libpython3.12.so
executing the binary
found version 3.12.3, OK.


***** Checking PulseAudio *****
compiling the following source file:
#include <cstdio>
#include <pulse/version.h>
extern "C" int main(void)
{
  printf("found version %s API version %d", pa_get_headers_version(), PA_API_VERSION);
#if PA_API_VERSION >= 9
  printf(", OK.\n");
  return 0;
#else
  printf(", expected version 0.9.0 (API version 9) or higher\n");
  return 1;
#endif
}
using the following command line:
g++  -fPIC -g -O -Wall -o /home/xenoamess/VirtualBox-7.1.6/.tmp_out /home/xenoamess/VirtualBox-7.1.6/.tmp_src.cc   -lpulse
executing the binary
found version 16.1.0 API version 12, OK.


***** Checking static stc++ library *****
compiling the following source file:
#include <string>

extern "C" int main(void)
{
  std::string s = "test";
  return 0;
}
using the following command line:
g++  -fPIC -g -O -Wall -o /home/xenoamess/VirtualBox-7.1.6/.tmp_out /home/xenoamess/VirtualBox-7.1.6/.tmp_src.cc /usr/lib/gcc/x86_64-linux-gnu/13/libstdc++.a
found


***** Checking ALSA *****
compiling the following source file:
#include <cstdio>
#include <alsa/asoundlib.h>
extern "C" int main(void)
{
  printf("found version %d.%d.%d",
         SND_LIB_MAJOR, SND_LIB_MINOR, SND_LIB_SUBMINOR);
#if 10000*SND_LIB_MAJOR + 100*SND_LIB_MINOR + SND_LIB_SUBMINOR >= 10014
  printf(", OK.\n");
  return 0;
#else
  printf(", expected version 1.0.14 or higher\n");
  return 1;
#endif
}
using the following command line:
g++  -fPIC -g -O -Wall -o /home/xenoamess/VirtualBox-7.1.6/.tmp_out /home/xenoamess/VirtualBox-7.1.6/.tmp_src.cc -lasound
executing the binary
found version 1.2.11, OK.


***** Checking libdevmapper *****
compiling the following source file:
#include <cstdio>
extern "C" {
#define private
#include <libdevmapper.h>
int main()
{
  char version[80];

  if (!dm_get_library_version(version, sizeof(version)))
  {
    printf("dm_get_library_version() failed.\n");
    return 1;
  }

  const char* v=version;
  unsigned int major = 0, minor = 0, micro = 0;

  for (; *v !='.' && *v != '\0'; v++) major = major*10 + *v-'0';
  if (*v == '.') v++;
  for (; *v !='.' && *v != '\0'; v++) minor = minor*10 + *v-'0';
  if (*v == '.') v++;
  for (; *v !='.' && *v != '\0'; v++) micro = micro*10 + *v-'0';

  printf("found version %s", version);
  if (major*10000 + minor*100 + micro >= 10200)
  {
    printf(", OK.\n");
    return 0;
  }
  else
  {
    printf(", expected version 1.02 or higher\n");
    return 1;
  }
}
}
using the following command line:
g++  -fPIC -g -O -Wall -o /home/xenoamess/VirtualBox-7.1.6/.tmp_out /home/xenoamess/VirtualBox-7.1.6/.tmp_src.cc -ldevmapper 
executing the binary
found version 1.02.185 (2022-05-18), OK.


***** Checking libcap library *****
compiling the following source file:
#include <cstdio>
#include <sys/types.h>
#include <linux/types.h>
#include <sys/capability.h>

extern "C" int main(void)
{
  char buf[1024];
  cap_t caps = cap_get_proc();
  snprintf(buf, sizeof(buf), "Current caps are '%s'\n", cap_to_text(caps, NULL));
  return 0;
}
using the following command line:
g++  -fPIC -g -O -Wall -o /home/xenoamess/VirtualBox-7.1.6/.tmp_out /home/xenoamess/VirtualBox-7.1.6/.tmp_src.cc -lcap
executing the binary


found


***** Checking compiler.h *****
compiler.h not found


***** Checking 32-bit support *****
compiling the following source file:
#include <stdint.h>
int main(void)
{
  return 0;
}
using the following command line:
gcc -m32 -O -Wall -o /home/xenoamess/VirtualBox-7.1.6/.tmp_out /home/xenoamess/VirtualBox-7.1.6/.tmp_src.c
executing the binary



***** Checking makeself *****
found version 2.5.0


***** Checking GSOAP compiler *****
found version 2.8.132


